[0.116s] DEBUG:colcon:Command line arguments: ['/usr/bin/colcon', 'build', '--packages-select', 'image_conversion', 'camera_publisher']
[0.116s] DEBUG:colcon:Parsed command line arguments: Namespace(log_base=None, log_level=None, verb_name='build', build_base='build', install_base='install', merge_install=False, symlink_install=False, test_result_base=None, continue_on_error=False, executor='parallel', parallel_workers=12, event_handlers=None, ignore_user_meta=False, metas=['./colcon.meta'], base_paths=['.'], packages_ignore=None, packages_ignore_regex=None, paths=None, packages_up_to=None, packages_up_to_regex=None, packages_above=None, packages_above_and_dependencies=None, packages_above_depth=None, packages_select_by_dep=None, packages_skip_by_dep=None, packages_skip_up_to=None, packages_select_build_failed=False, packages_skip_build_finished=False, packages_select_test_failures=False, packages_skip_test_passed=False, packages_select=['image_conversion', 'camera_publisher'], packages_skip=None, packages_select_regex=None, packages_skip_regex=None, packages_start=None, packages_end=None, allow_overriding=[], cmake_args=None, cmake_target=None, cmake_target_skip_unavailable=False, cmake_clean_cache=False, cmake_clean_first=False, cmake_force_configure=False, ament_cmake_args=None, catkin_cmake_args=None, catkin_skip_building_tests=False, mixin_files=None, mixin=None, verb_parser=<colcon_mixin.mixin.mixin_argument.MixinArgumentDecorator object at 0x7096a09665c0>, verb_extension=<colcon_core.verb.build.BuildVerb object at 0x7096a09658a0>, main=<bound method BuildVerb.main of <colcon_core.verb.build.BuildVerb object at 0x7096a09658a0>>, mixin_verb=('build',))
[0.285s] Level 1:colcon.colcon_core.package_discovery:discover_packages(colcon_meta) check parameters
[0.285s] Level 1:colcon.colcon_core.package_discovery:discover_packages(recursive) check parameters
[0.285s] Level 1:colcon.colcon_core.package_discovery:discover_packages(ignore) check parameters
[0.285s] Level 1:colcon.colcon_core.package_discovery:discover_packages(path) check parameters
[0.285s] Level 1:colcon.colcon_core.package_discovery:discover_packages(colcon_meta) discover
[0.285s] Level 1:colcon.colcon_core.package_discovery:discover_packages(recursive) discover
[0.285s] INFO:colcon.colcon_core.package_discovery:Crawling recursively for packages in '/home/mahaveer/Mowito_assignment/ros2_ws'
[0.285s] Level 1:colcon.colcon_core.package_identification:_identify(.) by extensions ['ignore', 'ignore_ament_install']
[0.285s] Level 1:colcon.colcon_core.package_identification:_identify(.) by extension 'ignore'
[0.285s] Level 1:colcon.colcon_core.package_identification:_identify(.) by extension 'ignore_ament_install'
[0.285s] Level 1:colcon.colcon_core.package_identification:_identify(.) by extensions ['colcon_pkg']
[0.285s] Level 1:colcon.colcon_core.package_identification:_identify(.) by extension 'colcon_pkg'
[0.285s] Level 1:colcon.colcon_core.package_identification:_identify(.) by extensions ['colcon_meta']
[0.285s] Level 1:colcon.colcon_core.package_identification:_identify(.) by extension 'colcon_meta'
[0.285s] Level 1:colcon.colcon_core.package_identification:_identify(.) by extensions ['ros']
[0.285s] Level 1:colcon.colcon_core.package_identification:_identify(.) by extension 'ros'
[0.294s] Level 1:colcon.colcon_core.package_identification:_identify(.) by extensions ['cmake', 'python']
[0.294s] Level 1:colcon.colcon_core.package_identification:_identify(.) by extension 'cmake'
[0.294s] Level 1:colcon.colcon_core.package_identification:_identify(.) by extension 'python'
[0.294s] Level 1:colcon.colcon_core.package_identification:_identify(.) by extensions ['python_setup_py']
[0.294s] Level 1:colcon.colcon_core.package_identification:_identify(.) by extension 'python_setup_py'
[0.294s] Level 1:colcon.colcon_core.package_identification:_identify(build) by extensions ['ignore', 'ignore_ament_install']
[0.294s] Level 1:colcon.colcon_core.package_identification:_identify(build) by extension 'ignore'
[0.294s] Level 1:colcon.colcon_core.package_identification:_identify(build) ignored
[0.294s] Level 1:colcon.colcon_core.package_identification:_identify(install) by extensions ['ignore', 'ignore_ament_install']
[0.294s] Level 1:colcon.colcon_core.package_identification:_identify(install) by extension 'ignore'
[0.294s] Level 1:colcon.colcon_core.package_identification:_identify(install) ignored
[0.294s] Level 1:colcon.colcon_core.package_identification:_identify(log) by extensions ['ignore', 'ignore_ament_install']
[0.294s] Level 1:colcon.colcon_core.package_identification:_identify(log) by extension 'ignore'
[0.294s] Level 1:colcon.colcon_core.package_identification:_identify(log) ignored
[0.294s] Level 1:colcon.colcon_core.package_identification:_identify(src) by extensions ['ignore', 'ignore_ament_install']
[0.294s] Level 1:colcon.colcon_core.package_identification:_identify(src) by extension 'ignore'
[0.294s] Level 1:colcon.colcon_core.package_identification:_identify(src) by extension 'ignore_ament_install'
[0.294s] Level 1:colcon.colcon_core.package_identification:_identify(src) by extensions ['colcon_pkg']
[0.294s] Level 1:colcon.colcon_core.package_identification:_identify(src) by extension 'colcon_pkg'
[0.294s] Level 1:colcon.colcon_core.package_identification:_identify(src) by extensions ['colcon_meta']
[0.294s] Level 1:colcon.colcon_core.package_identification:_identify(src) by extension 'colcon_meta'
[0.294s] Level 1:colcon.colcon_core.package_identification:_identify(src) by extensions ['ros']
[0.295s] Level 1:colcon.colcon_core.package_identification:_identify(src) by extension 'ros'
[0.295s] Level 1:colcon.colcon_core.package_identification:_identify(src) by extensions ['cmake', 'python']
[0.295s] Level 1:colcon.colcon_core.package_identification:_identify(src) by extension 'cmake'
[0.295s] Level 1:colcon.colcon_core.package_identification:_identify(src) by extension 'python'
[0.295s] Level 1:colcon.colcon_core.package_identification:_identify(src) by extensions ['python_setup_py']
[0.295s] Level 1:colcon.colcon_core.package_identification:_identify(src) by extension 'python_setup_py'
[0.295s] Level 1:colcon.colcon_core.package_identification:_identify(src/camera_publisher) by extensions ['ignore', 'ignore_ament_install']
[0.295s] Level 1:colcon.colcon_core.package_identification:_identify(src/camera_publisher) by extension 'ignore'
[0.295s] Level 1:colcon.colcon_core.package_identification:_identify(src/camera_publisher) by extension 'ignore_ament_install'
[0.295s] Level 1:colcon.colcon_core.package_identification:_identify(src/camera_publisher) by extensions ['colcon_pkg']
[0.295s] Level 1:colcon.colcon_core.package_identification:_identify(src/camera_publisher) by extension 'colcon_pkg'
[0.295s] Level 1:colcon.colcon_core.package_identification:_identify(src/camera_publisher) by extensions ['colcon_meta']
[0.295s] Level 1:colcon.colcon_core.package_identification:_identify(src/camera_publisher) by extension 'colcon_meta'
[0.295s] Level 1:colcon.colcon_core.package_identification:_identify(src/camera_publisher) by extensions ['ros']
[0.295s] Level 1:colcon.colcon_core.package_identification:_identify(src/camera_publisher) by extension 'ros'
[0.297s] DEBUG:colcon.colcon_core.package_identification:Package 'src/camera_publisher' with type 'ros.ament_python' and name 'camera_publisher'
[0.297s] Level 1:colcon.colcon_core.package_identification:_identify(src/image_conversion) by extensions ['ignore', 'ignore_ament_install']
[0.297s] Level 1:colcon.colcon_core.package_identification:_identify(src/image_conversion) by extension 'ignore'
[0.297s] Level 1:colcon.colcon_core.package_identification:_identify(src/image_conversion) by extension 'ignore_ament_install'
[0.297s] Level 1:colcon.colcon_core.package_identification:_identify(src/image_conversion) by extensions ['colcon_pkg']
[0.297s] Level 1:colcon.colcon_core.package_identification:_identify(src/image_conversion) by extension 'colcon_pkg'
[0.297s] Level 1:colcon.colcon_core.package_identification:_identify(src/image_conversion) by extensions ['colcon_meta']
[0.297s] Level 1:colcon.colcon_core.package_identification:_identify(src/image_conversion) by extension 'colcon_meta'
[0.297s] Level 1:colcon.colcon_core.package_identification:_identify(src/image_conversion) by extensions ['ros']
[0.297s] Level 1:colcon.colcon_core.package_identification:_identify(src/image_conversion) by extension 'ros'
[0.298s] DEBUG:colcon.colcon_core.package_identification:Package 'src/image_conversion' with type 'ros.ament_python' and name 'image_conversion'
[0.298s] Level 1:colcon.colcon_core.package_discovery:discover_packages(recursive) using defaults
[0.298s] Level 1:colcon.colcon_core.package_discovery:discover_packages(ignore) discover
[0.298s] Level 1:colcon.colcon_core.package_discovery:discover_packages(ignore) using defaults
[0.298s] Level 1:colcon.colcon_core.package_discovery:discover_packages(path) discover
[0.298s] Level 1:colcon.colcon_core.package_discovery:discover_packages(path) using defaults
[0.327s] Level 1:colcon.colcon_core.package_discovery:discover_packages(prefix_path) check parameters
[0.327s] Level 1:colcon.colcon_core.package_discovery:discover_packages(prefix_path) discover
[0.330s] DEBUG:colcon.colcon_installed_package_information.package_discovery:Found 372 installed packages in /opt/ros/humble
[0.330s] Level 1:colcon.colcon_core.package_discovery:discover_packages(prefix_path) using defaults
[0.355s] Level 5:colcon.colcon_core.verb:set package 'camera_publisher' build argument 'cmake_args' from command line to 'None'
[0.355s] Level 5:colcon.colcon_core.verb:set package 'camera_publisher' build argument 'cmake_target' from command line to 'None'
[0.355s] Level 5:colcon.colcon_core.verb:set package 'camera_publisher' build argument 'cmake_target_skip_unavailable' from command line to 'False'
[0.355s] Level 5:colcon.colcon_core.verb:set package 'camera_publisher' build argument 'cmake_clean_cache' from command line to 'False'
[0.355s] Level 5:colcon.colcon_core.verb:set package 'camera_publisher' build argument 'cmake_clean_first' from command line to 'False'
[0.355s] Level 5:colcon.colcon_core.verb:set package 'camera_publisher' build argument 'cmake_force_configure' from command line to 'False'
[0.355s] Level 5:colcon.colcon_core.verb:set package 'camera_publisher' build argument 'ament_cmake_args' from command line to 'None'
[0.355s] Level 5:colcon.colcon_core.verb:set package 'camera_publisher' build argument 'catkin_cmake_args' from command line to 'None'
[0.355s] Level 5:colcon.colcon_core.verb:set package 'camera_publisher' build argument 'catkin_skip_building_tests' from command line to 'False'
[0.355s] DEBUG:colcon.colcon_core.verb:Building package 'camera_publisher' with the following arguments: {'ament_cmake_args': None, 'build_base': '/home/mahaveer/Mowito_assignment/ros2_ws/build/camera_publisher', 'catkin_cmake_args': None, 'catkin_skip_building_tests': False, 'cmake_args': None, 'cmake_clean_cache': False, 'cmake_clean_first': False, 'cmake_force_configure': False, 'cmake_target': None, 'cmake_target_skip_unavailable': False, 'install_base': '/home/mahaveer/Mowito_assignment/ros2_ws/install/camera_publisher', 'merge_install': False, 'path': '/home/mahaveer/Mowito_assignment/ros2_ws/src/camera_publisher', 'symlink_install': False, 'test_result_base': None}
[0.355s] Level 5:colcon.colcon_core.verb:set package 'image_conversion' build argument 'cmake_args' from command line to 'None'
[0.355s] Level 5:colcon.colcon_core.verb:set package 'image_conversion' build argument 'cmake_target' from command line to 'None'
[0.355s] Level 5:colcon.colcon_core.verb:set package 'image_conversion' build argument 'cmake_target_skip_unavailable' from command line to 'False'
[0.355s] Level 5:colcon.colcon_core.verb:set package 'image_conversion' build argument 'cmake_clean_cache' from command line to 'False'
[0.355s] Level 5:colcon.colcon_core.verb:set package 'image_conversion' build argument 'cmake_clean_first' from command line to 'False'
[0.355s] Level 5:colcon.colcon_core.verb:set package 'image_conversion' build argument 'cmake_force_configure' from command line to 'False'
[0.355s] Level 5:colcon.colcon_core.verb:set package 'image_conversion' build argument 'ament_cmake_args' from command line to 'None'
[0.355s] Level 5:colcon.colcon_core.verb:set package 'image_conversion' build argument 'catkin_cmake_args' from command line to 'None'
[0.355s] Level 5:colcon.colcon_core.verb:set package 'image_conversion' build argument 'catkin_skip_building_tests' from command line to 'False'
[0.355s] DEBUG:colcon.colcon_core.verb:Building package 'image_conversion' with the following arguments: {'ament_cmake_args': None, 'build_base': '/home/mahaveer/Mowito_assignment/ros2_ws/build/image_conversion', 'catkin_cmake_args': None, 'catkin_skip_building_tests': False, 'cmake_args': None, 'cmake_clean_cache': False, 'cmake_clean_first': False, 'cmake_force_configure': False, 'cmake_target': None, 'cmake_target_skip_unavailable': False, 'install_base': '/home/mahaveer/Mowito_assignment/ros2_ws/install/image_conversion', 'merge_install': False, 'path': '/home/mahaveer/Mowito_assignment/ros2_ws/src/image_conversion', 'symlink_install': False, 'test_result_base': None}
[0.355s] INFO:colcon.colcon_core.executor:Executing jobs using 'parallel' executor
[0.357s] DEBUG:colcon.colcon_parallel_executor.executor.parallel:run_until_complete
[0.357s] INFO:colcon.colcon_ros.task.ament_python.build:Building ROS package in '/home/mahaveer/Mowito_assignment/ros2_ws/src/camera_publisher' with build type 'ament_python'
[0.357s] Level 1:colcon.colcon_core.shell:create_environment_hook('camera_publisher', 'ament_prefix_path')
[0.362s] INFO:colcon.colcon_core.plugin_system:Skipping extension 'colcon_core.shell.bat': Not used on non-Windows systems
[0.362s] INFO:colcon.colcon_core.shell:Creating environment hook '/home/mahaveer/Mowito_assignment/ros2_ws/install/camera_publisher/share/camera_publisher/hook/ament_prefix_path.ps1'
[0.362s] INFO:colcon.colcon_core.shell:Creating environment descriptor '/home/mahaveer/Mowito_assignment/ros2_ws/install/camera_publisher/share/camera_publisher/hook/ament_prefix_path.dsv'
[0.363s] INFO:colcon.colcon_core.shell:Creating environment hook '/home/mahaveer/Mowito_assignment/ros2_ws/install/camera_publisher/share/camera_publisher/hook/ament_prefix_path.sh'
[0.364s] INFO:colcon.colcon_core.shell:Skip shell extension 'powershell' for command environment: Not usable outside of PowerShell
[0.364s] DEBUG:colcon.colcon_core.shell:Skip shell extension 'dsv' for command environment
[0.366s] INFO:colcon.colcon_ros.task.ament_python.build:Building ROS package in '/home/mahaveer/Mowito_assignment/ros2_ws/src/image_conversion' with build type 'ament_python'
[0.366s] Level 1:colcon.colcon_core.shell:create_environment_hook('image_conversion', 'ament_prefix_path')
[0.366s] INFO:colcon.colcon_core.shell:Creating environment hook '/home/mahaveer/Mowito_assignment/ros2_ws/install/image_conversion/share/image_conversion/hook/ament_prefix_path.ps1'
[0.366s] INFO:colcon.colcon_core.shell:Creating environment descriptor '/home/mahaveer/Mowito_assignment/ros2_ws/install/image_conversion/share/image_conversion/hook/ament_prefix_path.dsv'
[0.366s] INFO:colcon.colcon_core.shell:Creating environment hook '/home/mahaveer/Mowito_assignment/ros2_ws/install/image_conversion/share/image_conversion/hook/ament_prefix_path.sh'
[0.367s] INFO:colcon.colcon_core.shell:Skip shell extension 'powershell' for command environment: Not usable outside of PowerShell
[0.367s] DEBUG:colcon.colcon_core.shell:Skip shell extension 'dsv' for command environment
[0.518s] INFO:colcon.colcon_core.task.python.build:Building Python package in '/home/mahaveer/Mowito_assignment/ros2_ws/src/camera_publisher'
[0.518s] INFO:colcon.colcon_core.shell:Skip shell extension 'powershell' for command environment: Not usable outside of PowerShell
[0.518s] DEBUG:colcon.colcon_core.shell:Skip shell extension 'dsv' for command environment
[0.662s] INFO:colcon.colcon_core.task.python.build:Building Python package in '/home/mahaveer/Mowito_assignment/ros2_ws/src/image_conversion'
[0.662s] INFO:colcon.colcon_core.shell:Skip shell extension 'powershell' for command environment: Not usable outside of PowerShell
[0.662s] DEBUG:colcon.colcon_core.shell:Skip shell extension 'dsv' for command environment
[1.006s] DEBUG:colcon.colcon_core.event_handler.log_command:Invoking command in '/home/mahaveer/Mowito_assignment/ros2_ws/src/camera_publisher': CONDA_PROMPT_MODIFIER=(base) PYTHONPATH=/home/mahaveer/Mowito_assignment/ros2_ws/build/camera_publisher/prefix_override:/usr/lib/python3/dist-packages/colcon_core/task/python/colcon_distutils_commands:/home/mahaveer/Mowito_assignment/ros2_ws/install/camera_publisher/lib/python3.10/site-packages:${PYTHONPATH} /usr/bin/python3 -W ignore:setup.py install is deprecated setup.py egg_info --egg-base ../../build/camera_publisher build --build-base /home/mahaveer/Mowito_assignment/ros2_ws/build/camera_publisher/build install --record /home/mahaveer/Mowito_assignment/ros2_ws/build/camera_publisher/install.log --single-version-externally-managed install_data
[1.010s] DEBUG:colcon.colcon_core.event_handler.log_command:Invoking command in '/home/mahaveer/Mowito_assignment/ros2_ws/src/image_conversion': CONDA_PROMPT_MODIFIER=(base) PYTHONPATH=/home/mahaveer/Mowito_assignment/ros2_ws/build/image_conversion/prefix_override:/usr/lib/python3/dist-packages/colcon_core/task/python/colcon_distutils_commands:/home/mahaveer/Mowito_assignment/ros2_ws/install/image_conversion/lib/python3.10/site-packages:${PYTHONPATH} /usr/bin/python3 -W ignore:setup.py install is deprecated setup.py egg_info --egg-base ../../build/image_conversion build --build-base /home/mahaveer/Mowito_assignment/ros2_ws/build/image_conversion/build install --record /home/mahaveer/Mowito_assignment/ros2_ws/build/image_conversion/install.log --single-version-externally-managed install_data
[1.185s] DEBUG:colcon.colcon_core.event_handler.log_command:Invoked command in '/home/mahaveer/Mowito_assignment/ros2_ws/src/image_conversion' returned '0': CONDA_PROMPT_MODIFIER=(base) PYTHONPATH=/home/mahaveer/Mowito_assignment/ros2_ws/build/image_conversion/prefix_override:/usr/lib/python3/dist-packages/colcon_core/task/python/colcon_distutils_commands:/home/mahaveer/Mowito_assignment/ros2_ws/install/image_conversion/lib/python3.10/site-packages:${PYTHONPATH} /usr/bin/python3 -W ignore:setup.py install is deprecated setup.py egg_info --egg-base ../../build/image_conversion build --build-base /home/mahaveer/Mowito_assignment/ros2_ws/build/image_conversion/build install --record /home/mahaveer/Mowito_assignment/ros2_ws/build/image_conversion/install.log --single-version-externally-managed install_data
[1.190s] Level 1:colcon.colcon_core.environment:checking '/home/mahaveer/Mowito_assignment/ros2_ws/install/image_conversion' for CMake module files
[1.190s] Level 1:colcon.colcon_core.environment:checking '/home/mahaveer/Mowito_assignment/ros2_ws/install/image_conversion' for CMake config files
[1.191s] Level 1:colcon.colcon_core.environment:checking '/home/mahaveer/Mowito_assignment/ros2_ws/install/image_conversion/lib'
[1.191s] Level 1:colcon.colcon_core.environment:checking '/home/mahaveer/Mowito_assignment/ros2_ws/install/image_conversion/bin'
[1.191s] Level 1:colcon.colcon_core.environment:checking '/home/mahaveer/Mowito_assignment/ros2_ws/install/image_conversion/lib/pkgconfig/image_conversion.pc'
[1.191s] Level 1:colcon.colcon_core.environment:checking '/home/mahaveer/Mowito_assignment/ros2_ws/install/image_conversion/lib/python3.10/site-packages'
[1.191s] Level 1:colcon.colcon_core.shell:create_environment_hook('image_conversion', 'pythonpath')
[1.192s] INFO:colcon.colcon_core.shell:Creating environment hook '/home/mahaveer/Mowito_assignment/ros2_ws/install/image_conversion/share/image_conversion/hook/pythonpath.ps1'
[1.192s] INFO:colcon.colcon_core.shell:Creating environment descriptor '/home/mahaveer/Mowito_assignment/ros2_ws/install/image_conversion/share/image_conversion/hook/pythonpath.dsv'
[1.192s] INFO:colcon.colcon_core.shell:Creating environment hook '/home/mahaveer/Mowito_assignment/ros2_ws/install/image_conversion/share/image_conversion/hook/pythonpath.sh'
[1.193s] Level 1:colcon.colcon_core.environment:checking '/home/mahaveer/Mowito_assignment/ros2_ws/install/image_conversion/bin'
[1.193s] Level 1:colcon.colcon_core.environment:create_environment_scripts_only(image_conversion)
[1.193s] INFO:colcon.colcon_core.shell:Creating package script '/home/mahaveer/Mowito_assignment/ros2_ws/install/image_conversion/share/image_conversion/package.ps1'
[1.194s] INFO:colcon.colcon_core.shell:Creating package descriptor '/home/mahaveer/Mowito_assignment/ros2_ws/install/image_conversion/share/image_conversion/package.dsv'
[1.195s] INFO:colcon.colcon_core.shell:Creating package script '/home/mahaveer/Mowito_assignment/ros2_ws/install/image_conversion/share/image_conversion/package.sh'
[1.196s] INFO:colcon.colcon_core.shell:Creating package script '/home/mahaveer/Mowito_assignment/ros2_ws/install/image_conversion/share/image_conversion/package.bash'
[1.197s] INFO:colcon.colcon_core.shell:Creating package script '/home/mahaveer/Mowito_assignment/ros2_ws/install/image_conversion/share/image_conversion/package.zsh'
[1.197s] Level 1:colcon.colcon_core.environment:create_file_with_runtime_dependencies(/home/mahaveer/Mowito_assignment/ros2_ws/install/image_conversion/share/colcon-core/packages/image_conversion)
[1.199s] Level 1:colcon.colcon_core.environment:checking '/home/mahaveer/Mowito_assignment/ros2_ws/install/camera_publisher' for CMake module files
[1.199s] DEBUG:colcon.colcon_core.event_handler.log_command:Invoked command in '/home/mahaveer/Mowito_assignment/ros2_ws/src/camera_publisher' returned '0': CONDA_PROMPT_MODIFIER=(base) PYTHONPATH=/home/mahaveer/Mowito_assignment/ros2_ws/build/camera_publisher/prefix_override:/usr/lib/python3/dist-packages/colcon_core/task/python/colcon_distutils_commands:/home/mahaveer/Mowito_assignment/ros2_ws/install/camera_publisher/lib/python3.10/site-packages:${PYTHONPATH} /usr/bin/python3 -W ignore:setup.py install is deprecated setup.py egg_info --egg-base ../../build/camera_publisher build --build-base /home/mahaveer/Mowito_assignment/ros2_ws/build/camera_publisher/build install --record /home/mahaveer/Mowito_assignment/ros2_ws/build/camera_publisher/install.log --single-version-externally-managed install_data
[1.199s] Level 1:colcon.colcon_core.environment:checking '/home/mahaveer/Mowito_assignment/ros2_ws/install/camera_publisher' for CMake config files
[1.200s] Level 1:colcon.colcon_core.environment:checking '/home/mahaveer/Mowito_assignment/ros2_ws/install/camera_publisher/lib'
[1.200s] Level 1:colcon.colcon_core.environment:checking '/home/mahaveer/Mowito_assignment/ros2_ws/install/camera_publisher/bin'
[1.200s] Level 1:colcon.colcon_core.environment:checking '/home/mahaveer/Mowito_assignment/ros2_ws/install/camera_publisher/lib/pkgconfig/camera_publisher.pc'
[1.200s] Level 1:colcon.colcon_core.environment:checking '/home/mahaveer/Mowito_assignment/ros2_ws/install/camera_publisher/lib/python3.10/site-packages'
[1.200s] Level 1:colcon.colcon_core.shell:create_environment_hook('camera_publisher', 'pythonpath')
[1.201s] INFO:colcon.colcon_core.shell:Creating environment hook '/home/mahaveer/Mowito_assignment/ros2_ws/install/camera_publisher/share/camera_publisher/hook/pythonpath.ps1'
[1.201s] INFO:colcon.colcon_core.shell:Creating environment descriptor '/home/mahaveer/Mowito_assignment/ros2_ws/install/camera_publisher/share/camera_publisher/hook/pythonpath.dsv'
[1.201s] INFO:colcon.colcon_core.shell:Creating environment hook '/home/mahaveer/Mowito_assignment/ros2_ws/install/camera_publisher/share/camera_publisher/hook/pythonpath.sh'
[1.202s] Level 1:colcon.colcon_core.environment:checking '/home/mahaveer/Mowito_assignment/ros2_ws/install/camera_publisher/bin'
[1.202s] Level 1:colcon.colcon_core.environment:create_environment_scripts_only(camera_publisher)
[1.202s] INFO:colcon.colcon_core.shell:Creating package script '/home/mahaveer/Mowito_assignment/ros2_ws/install/camera_publisher/share/camera_publisher/package.ps1'
[1.202s] INFO:colcon.colcon_core.shell:Creating package descriptor '/home/mahaveer/Mowito_assignment/ros2_ws/install/camera_publisher/share/camera_publisher/package.dsv'
[1.203s] INFO:colcon.colcon_core.shell:Creating package script '/home/mahaveer/Mowito_assignment/ros2_ws/install/camera_publisher/share/camera_publisher/package.sh'
[1.203s] INFO:colcon.colcon_core.shell:Creating package script '/home/mahaveer/Mowito_assignment/ros2_ws/install/camera_publisher/share/camera_publisher/package.bash'
[1.203s] INFO:colcon.colcon_core.shell:Creating package script '/home/mahaveer/Mowito_assignment/ros2_ws/install/camera_publisher/share/camera_publisher/package.zsh'
[1.203s] Level 1:colcon.colcon_core.environment:create_file_with_runtime_dependencies(/home/mahaveer/Mowito_assignment/ros2_ws/install/camera_publisher/share/colcon-core/packages/camera_publisher)
[1.203s] DEBUG:colcon.colcon_parallel_executor.executor.parallel:closing loop
[1.204s] DEBUG:colcon.colcon_parallel_executor.executor.parallel:loop closed
[1.204s] DEBUG:colcon.colcon_parallel_executor.executor.parallel:run_until_complete finished with '0'
[1.204s] DEBUG:colcon.colcon_core.event_reactor:joining thread
[1.208s] INFO:colcon.colcon_core.plugin_system:Skipping extension 'colcon_notification.desktop_notification.terminal_notifier': Not used on non-Darwin systems
[1.208s] INFO:colcon.colcon_core.plugin_system:Skipping extension 'colcon_notification.desktop_notification.win32': Not used on non-Windows systems
[1.208s] INFO:colcon.colcon_notification.desktop_notification:Sending desktop notification using 'notify2'
[1.218s] DEBUG:colcon.colcon_core.event_reactor:joined thread
[1.218s] INFO:colcon.colcon_core.shell:Creating prefix script '/home/mahaveer/Mowito_assignment/ros2_ws/install/local_setup.ps1'
[1.219s] INFO:colcon.colcon_core.shell:Creating prefix util module '/home/mahaveer/Mowito_assignment/ros2_ws/install/_local_setup_util_ps1.py'
[1.219s] INFO:colcon.colcon_core.shell:Creating prefix chain script '/home/mahaveer/Mowito_assignment/ros2_ws/install/setup.ps1'
[1.220s] INFO:colcon.colcon_core.shell:Creating prefix script '/home/mahaveer/Mowito_assignment/ros2_ws/install/local_setup.sh'
[1.221s] INFO:colcon.colcon_core.shell:Creating prefix util module '/home/mahaveer/Mowito_assignment/ros2_ws/install/_local_setup_util_sh.py'
[1.221s] INFO:colcon.colcon_core.shell:Creating prefix chain script '/home/mahaveer/Mowito_assignment/ros2_ws/install/setup.sh'
[1.222s] INFO:colcon.colcon_core.shell:Creating prefix script '/home/mahaveer/Mowito_assignment/ros2_ws/install/local_setup.bash'
[1.222s] INFO:colcon.colcon_core.shell:Creating prefix chain script '/home/mahaveer/Mowito_assignment/ros2_ws/install/setup.bash'
[1.223s] INFO:colcon.colcon_core.shell:Creating prefix script '/home/mahaveer/Mowito_assignment/ros2_ws/install/local_setup.zsh'
[1.223s] INFO:colcon.colcon_core.shell:Creating prefix chain script '/home/mahaveer/Mowito_assignment/ros2_ws/install/setup.zsh'
